[2021-03-14 19:35:50]	compilation failed at : "e:\WorkSpace\EIDE_Template\STM32F103ZET6\USER\src\spi.c", exit code: 1
   在 unify_builder.Program.compileByMulThread(Int32 thrNum, CmdInfo[] cmds, List`1 doneList)
   在 unify_builder.Program.Main(String[] args)

[2021-03-14 19:36:16]	[done]
	build successfully !

[2021-03-14 20:08:47]	[done]
	build successfully !

[2021-03-14 20:09:52]	[done]
	build successfully !

[2021-03-14 20:14:44]	[done]
	build successfully !

[2021-03-14 20:16:53]	[done]
	build successfully !

[2021-03-14 20:17:38]	[done]
	build successfully !

[2021-03-14 20:19:10]	[done]
	build successfully !

[2021-03-14 20:34:20]	[done]
	build successfully !

[2021-03-14 20:39:37]	[done]
	build successfully !

[2021-03-14 20:40:59]	[done]
	build successfully !

[2021-03-14 20:45:30]	[done]
	build successfully !

[2021-03-14 20:46:54]	[done]
	build successfully !

[2021-03-15 20:22:42]	compilation failed at : "e:\WorkSpace\EIDE_Template\STM32F103ZET6\USER\src\spi.c", exit code: 1
   在 unify_builder.Program.compileByMulThread(Int32 thrNum, CmdInfo[] cmds, List`1 doneList)
   在 unify_builder.Program.Main(String[] args)

[2021-03-15 20:26:11]	[done]
	build successfully !

[2021-03-15 20:30:07]	[done]
	build successfully !

