[2021-03-06 14:49:13]	Not found toolchain directory !, [path] : "'c:\Program"
   在 unify_builder.Program.Main(String[] args)

[2021-03-06 14:50:39]	Not found toolchain directory !, [path] : "'c:\Program"
   在 unify_builder.Program.Main(String[] args)

[2021-03-06 14:54:43]	compilation failed at : "c:\Users\M\Desktop\EIDE_Template\EIDE_STM32F1\USER\src\usart.c", exit code: 1
   在 unify_builder.Program.compileByMulThread(Int32 thrNum, CmdInfo[] cmds, List`1 doneList)
   在 unify_builder.Program.Main(String[] args)

[2021-03-06 14:56:56]	compilation failed at : "c:\Users\M\Desktop\EIDE_Template\EIDE_STM32F1\USER\src\usart.c", exit code: 1
   在 unify_builder.Program.compileByMulThread(Int32 thrNum, CmdInfo[] cmds, List`1 doneList)
   在 unify_builder.Program.Main(String[] args)

[2021-03-06 14:58:31]	[done]
	build successfully !

[2021-03-06 15:04:22]	compilation failed at : "c:\Users\M\Desktop\EIDE_Template\EIDE_STM32F1\USER\src\usart.c", exit code: 1
   在 unify_builder.Program.compileByMulThread(Int32 thrNum, CmdInfo[] cmds, List`1 doneList)
   在 unify_builder.Program.Main(String[] args)

[2021-03-06 15:04:41]	compilation failed at : "c:\Users\M\Desktop\EIDE_Template\EIDE_STM32F1\USER\src\usart.c", exit code: 1
   在 unify_builder.Program.compileByMulThread(Int32 thrNum, CmdInfo[] cmds, List`1 doneList)
   在 unify_builder.Program.Main(String[] args)

[2021-03-06 15:07:15]	[done]
	build successfully !

[2021-03-06 15:15:12]	[done]
	build successfully !

[2021-03-06 16:16:16]	[done]
	build successfully !

[2021-03-08 10:03:31]	[done]
	build successfully !

[2021-03-08 11:37:37]	compilation failed at : "c:\Users\M\Desktop\EIDE_Template\EIDE_STM32F1\USER\src\usart.c", exit code: 1
   在 unify_builder.Program.compileByMulThread(Int32 thrNum, CmdInfo[] cmds, List`1 doneList)
   在 unify_builder.Program.Main(String[] args)

[2021-03-08 11:38:36]	[done]
	build successfully !

[2021-03-08 13:29:59]	[done]
	build successfully !

[2021-03-08 13:30:36]	[done]
	build successfully !

[2021-03-08 13:32:04]	[done]
	build successfully !

[2021-03-08 14:37:53]	[done]
	build successfully !

[2021-03-08 14:39:08]	[done]
	build successfully !

[2021-03-08 14:40:04]	[done]
	build successfully !

[2021-03-08 14:40:47]	[done]
	build successfully !

[2021-03-08 14:46:29]	[done]
	build successfully !

[2021-03-08 14:49:23]	[done]
	build successfully !

[2021-03-08 14:50:26]	[done]
	build successfully !

[2021-03-08 15:00:02]	[done]
	build successfully !

[2021-03-08 15:00:49]	[done]
	build successfully !

[2021-03-08 15:01:05]	[done]
	build successfully !

[2021-03-08 15:13:19]	[done]
	build successfully !

